WARN  2011/06/17 17:52:10.432 NI [ ] ARM-1866: NSM heartbeat: 0.407 sec rtt, seq 864584 (0)
WARN  2011/06/17 17:53:20.828 NI [ ] ARM-1866: NSM heartbeat: 1.665 sec rtt, seq 864607 (0)
WARN  2011/06/17 17:55:05.597 NI [ ] ARM-1866: NSM heartbeat: 1.224 sec rtt, seq 864642 (0)
WARN  2011/06/17 18:06:39.089 NI [ ] ARM-1866: NSM heartbeat: 0.348 sec rtt, seq 864873 (0)
WARN  2011/06/17 18:11:24.442 NI [ ] ARM-1866: NSM heartbeat: 0.158 sec rtt, seq 864968 (0)
WARN  2011/06/17 18:13:03.955 NI [ ] ARM-1866: NSM heartbeat: 0.473 sec rtt, seq 865001 (0)
WARN  2011/06/17 18:47:29.294 NI [ ] ARM-1866: NSM heartbeat: 0.754 sec rtt, seq 865688 (0)
WARN  2011/06/17 18:58:32.838 NI ARM-1859: NSM: no timely heartbeat response in 6.011 seconds (missed 1).
WARN  2011/06/17 18:58:34.205 NI [ ] ARM-1866: NSM heartbeat: 4.373 sec rtt, seq 865908 (1)
WARN  2011/06/17 18:58:34.205 NI [ ] ARM-1867: NSM heartbeat: Got seq 865908 for 865909 (1), prev recv 865907 (-1)
WARN  2011/06/17 18:58:34.205 NI [ ] ARM-1859: NSM: no timely heartbeat response in 0.000 seconds (missed 1).
WARN  2011/06/17 18:58:34.206 NI [ ] ARM-1866: NSM heartbeat: 1.368 sec rtt, seq 865909 (0)
WARN  2011/06/17 19:08:29.710 NI [ ] ARM-1866: NSM heartbeat: 0.327 sec rtt, seq 866107 (0)
WARN  2011/06/17 19:25:59.757 NI [ ] ARM-1866: NSM heartbeat: 1.326 sec rtt, seq 866456 (0)
WARN  2011/06/17 19:26:34.840 NI [ ] ARM-1866: NSM heartbeat: 0.337 sec rtt, seq 866468 (0)
WARN  2011/06/17 19:27:45.158 NI [ ] ARM-1866: NSM heartbeat: 1.526 sec rtt, seq 866491 (0)
WARN  2011/06/17 19:33:00.018 NI [ ] ARM-1866: NSM heartbeat: 0.765 sec rtt, seq 866596 (0)
WARN  2011/06/17 19:36:30.206 NI [ ] ARM-1866: NSM heartbeat: 0.533 sec rtt, seq 866666 (0)
WARN  2011/06/17 19:41:09.655 NI [ ] ARM-1866: NSM heartbeat: 0.452 sec rtt, seq 866759 (0)
WARN  2011/06/17 19:44:40.334 NI [ ] ARM-1866: NSM heartbeat: 0.710 sec rtt, seq 866829 (0)
WARN  2011/06/17 19:45:49.601 NI [ ] ARM-1866: NSM heartbeat: 0.822 sec rtt, seq 866852 (0)
WARN  2011/06/17 19:46:25.010 NI [ ] ARM-1866: NSM heartbeat: 0.159 sec rtt, seq 866864 (0)
WARN  2011/06/17 19:49:20.030 NI [ ] ARM-1866: NSM heartbeat: 0.832 sec rtt, seq 866922 (0)
WARN  2011/06/17 19:51:43.700 NI [ ] ARM-1866: NSM heartbeat: 0.232 sec rtt, seq 866970 (0)
WARN  2011/06/17 19:52:49.782 NI [ ] ARM-1866: NSM heartbeat: 0.182 sec rtt, seq 866992 (0)
WARN  2011/06/17 19:53:59.918 NI [ ] ARM-1866: NSM heartbeat: 1.180 sec rtt, seq 867015 (0)
WARN  2011/06/17 19:57:29.621 NI [ ] ARM-1866: NSM heartbeat: 0.472 sec rtt, seq 867085 (0)
WARN  2011/06/17 20:16:44.622 NI [ ] ARM-1866: NSM heartbeat: 1.206 sec rtt, seq 867469 (0)
WARN  2011/06/17 20:17:54.362 NI [ ] ARM-1866: NSM heartbeat: 0.417 sec rtt, seq 867492 (0)
WARN  2011/06/17 20:19:39.808 NI [ ] ARM-1866: NSM heartbeat: 0.653 sec rtt, seq 867527 (0)
WARN  2011/06/17 20:27:49.566 NI [ ] ARM-1866: NSM heartbeat: 0.460 sec rtt, seq 867690 (0)
WARN  2011/06/17 20:29:34.621 NI [ ] ARM-1866: NSM heartbeat: 0.305 sec rtt, seq 867725 (0)
WARN  2011/06/17 20:30:44.371 NI [ ] ARM-1866: NSM heartbeat: 0.926 sec rtt, seq 867748 (0)
WARN  2011/06/17 20:31:19.809 NI [ ] ARM-1866: NSM heartbeat: 0.292 sec rtt, seq 867760 (0)
WARN  2011/06/17 20:32:29.927 NI [ ] ARM-1866: NSM heartbeat: 1.272 sec rtt, seq 867783 (0)
WARN  2011/06/17 20:48:49.473 NI [ ] ARM-1866: NSM heartbeat: 0.890 sec rtt, seq 868109 (0)
WARN  2011/06/17 20:49:59.795 NI [ ] ARM-1866: NSM heartbeat: 1.147 sec rtt, seq 868132 (0)
WARN  2011/06/17 20:51:44.707 NI [ ] ARM-1866: NSM heartbeat: 0.867 sec rtt, seq 868167 (0)
WARN  2011/06/17 20:55:14.597 NI [ ] ARM-1866: NSM heartbeat: 0.337 sec rtt, seq 868237 (0)
WARN  2011/06/17 20:56:59.768 NI [ ] ARM-1866: NSM heartbeat: 0.298 sec rtt, seq 868272 (0)
WARN  2011/06/17 21:01:40.035 NI [ ] ARM-1866: NSM heartbeat: 1.025 sec rtt, seq 868365 (0)
WARN  2011/06/17 21:05:09.697 NI [ ] ARM-1866: NSM heartbeat: 0.267 sec rtt, seq 868435 (0)
WARN  2011/06/17 21:11:34.701 NI [ ] ARM-1866: NSM heartbeat: 0.530 sec rtt, seq 868563 (0)
WARN  2011/06/17 21:13:19.528 NI [ ] ARM-1866: NSM heartbeat: 0.148 sec rtt, seq 868598 (0)
WARN  2011/06/17 21:17:59.412 NI [ ] ARM-1866: NSM heartbeat: 0.474 sec rtt, seq 868691 (0)
WARN  2011/06/17 21:44:14.240 NI [ ] ARM-1866: NSM heartbeat: 0.222 sec rtt, seq 869215 (0)
WARN  2011/06/17 21:48:54.307 NI [ ] ARM-1866: NSM heartbeat: 0.731 sec rtt, seq 869308 (0)
WARN  2011/06/17 21:49:45.366 NI [6,6702,L,10.99.110.3:58907 172.16.21.5:80] ARM-1857: N6681 FT_2718585 BPOP SN_SYN: Provisioned NAP not detected, attempting interception.
WARN  2011/06/17 21:49:45.612 NI [6,6702,L,10.99.110.3:58907 172.16.21.5:80] ARM-1857: N6681 FT_2718585 BPOP SN_ACK: Provisioned NAP not detected, attempting interception.
WARN  2011/06/17 21:50:39.390 NI [ ] ARM-1866: NSM heartbeat: 0.622 sec rtt, seq 869343 (0)
WARN  2011/06/17 21:53:34.470 NI [ ] ARM-1866: NSM heartbeat: 1.354 sec rtt, seq 869401 (0)
WARN  2011/06/17 21:55:54.679 NI [ ] ARM-1866: NSM heartbeat: 0.281 sec rtt, seq 869448 (0)
WARN  2011/06/17 21:58:49.552 NI [ ] ARM-1866: NSM heartbeat: 0.815 sec rtt, seq 869506 (0)
WARN  2011/06/17 22:00:34.445 NI [ ] ARM-1866: NSM heartbeat: 0.507 sec rtt, seq 869541 (0)
WARN  2011/06/17 22:01:10.391 NI [ ] ARM-1866: NSM heartbeat: 0.381 sec rtt, seq 869553 (0)
WARN  2011/06/17 22:02:19.290 NI [ ] ARM-1866: NSM heartbeat: 0.142 sec rtt, seq 869576 (0)
WARN  2011/06/17 22:05:14.262 NI [ ] ARM-1866: NSM heartbeat: 0.766 sec rtt, seq 869634 (0)
WARN  2011/06/17 22:06:59.169 NI [ ] ARM-1866: NSM heartbeat: 0.463 sec rtt, seq 869669 (0)
WARN  2011/06/17 22:11:39.572 NI [ ] ARM-1866: NSM heartbeat: 0.723 sec rtt, seq 869762 (0)
WARN  2011/06/17 22:13:24.276 NI [ ] ARM-1866: NSM heartbeat: 0.217 sec rtt, seq 869797 (0)
WARN  2011/06/17 22:14:34.284 NI [ ] ARM-1866: NSM heartbeat: 1.087 sec rtt, seq 869820 (0)
WARN  2011/06/17 22:34:24.341 NI [ ] ARM-1866: NSM heartbeat: 0.805 sec rtt, seq 870216 (0)
WARN  2011/06/17 22:38:18.189 NI [ ] ARM-1866: NSM heartbeat: 0.185 sec rtt, seq 870294 (0)
WARN  2011/06/17 22:44:19.508 NI [ ] ARM-1866: NSM heartbeat: 0.811 sec rtt, seq 870414 (0)
WARN  2011/06/17 22:47:49.231 NI [ ] ARM-1866: NSM heartbeat: 0.114 sec rtt, seq 870484 (0)
WARN  2011/06/17 22:48:59.329 NI [ ] ARM-1866: NSM heartbeat: 1.074 sec rtt, seq 870507 (0)
WARN  2011/06/17 22:50:44.447 NI [ ] ARM-1866: NSM heartbeat: 1.001 sec rtt, seq 870542 (0)
WARN  2011/06/17 22:52:29.116 NI [ ] ARM-1866: NSM heartbeat: 0.460 sec rtt, seq 870577 (0)
WARN  2011/06/17 22:54:14.252 NI [ ] ARM-1866: NSM heartbeat: 0.386 sec rtt, seq 870612 (0)
WARN  2011/06/17 22:55:23.940 NI [ ] ARM-1866: NSM heartbeat: 0.936 sec rtt, seq 870635 (0)
WARN  2011/06/17 23:05:19.437 NI [ ] ARM-1866: NSM heartbeat: 1.263 sec rtt, seq 870833 (0)
WARN  2011/06/17 23:08:49.161 NI [ ] ARM-1866: NSM heartbeat: 0.567 sec rtt, seq 870903 (0)
WARN  2011/06/17 23:16:58.994 NI [ ] ARM-1866: NSM heartbeat: 0.449 sec rtt, seq 871066 (0)
WARN  2011/06/17 23:18:44.110 NI [ ] ARM-1866: NSM heartbeat: 0.355 sec rtt, seq 871101 (0)
